# JRE version: OpenJDK Runtime Environment (21.0.9) (build 21.0.9+-14649483-b1163.86)
# Java VM: OpenJDK 64-Bit Server VM (21.0.9+-14649483-b1163.86, mixed mode, tiered, compressed oops, compressed class ptrs, g1 gc, windows-amd64)
GC Precious Log:
 CardTable entry size: 512
 Card Set container configuration: InlinePtr #cards 5 size 8 Array Of Cards #cards 12 size 40 Howl #buckets 4 coarsen threshold 1843 Howl Bitmap #cards 512 size 80 coarsen threshold 460 Card regions per heap region 1 cards per card region 2048
 CPUs: 16 total, 16 available
 Memory: 24260M
 Large Page Support: Disabled
 NUMA Support: Disabled
 Compressed Oops: Enabled (32-bit)
 Heap Region Size: 1M
 Heap Min Capacity: 8M
 Heap Initial Capacity: 380M
 Heap Max Capacity: 2G
 Pre-touch: Disabled
 Parallel Workers: 13
 Concurrent Workers: 3
 Concurrent Refinement Workers: 13
 Periodic GC: Disabled
Heap:
 garbage-first heap   total 300032K, used 160266K [0x0000000080000000, 0x0000000100000000)
  region size 1024K, 34 young (34816K), 17 survivors (17408K)
 Metaspace       used 125346K, committed 127744K, reserved 1179648K
  class space    used 17278K, committed 18432K, reserved 1048576K
GC Heap History (20 events):
Event: 5.546 GC heap before
{Heap before GC invocations=19 (full 0):
 garbage-first heap   total 151552K, used 140409K [0x0000000080000000, 0x0000000100000000)
  region size 1024K, 62 young (63488K), 3 survivors (3072K)
 Metaspace       used 73545K, committed 75520K, reserved 1114112K
  class space    used 10440K, committed 11392K, reserved 1048576K
}
Event: 5.548 GC heap after
{Heap after GC invocations=20 (full 0):
 garbage-first heap   total 151552K, used 81612K [0x0000000080000000, 0x0000000100000000)
  region size 1024K, 3 young (3072K), 3 survivors (3072K)
 Metaspace       used 73545K, committed 75520K, reserved 1114112K
  class space    used 10440K, committed 11392K, reserved 1048576K
}
Event: 5.598 GC heap before
{Heap before GC invocations=21 (full 0):
 garbage-first heap   total 151552K, used 143052K [0x0000000080000000, 0x0000000100000000)
  region size 1024K, 63 young (64512K), 3 survivors (3072K)
 Metaspace       used 73553K, committed 75520K, reserved 1114112K
  class space    used 10440K, committed 11392K, reserved 1048576K
}
Event: 5.600 GC heap after
{Heap after GC invocations=22 (full 0):
 garbage-first heap   total 151552K, used 82251K [0x0000000080000000, 0x0000000100000000)
  region size 1024K, 4 young (4096K), 4 survivors (4096K)
 Metaspace       used 73553K, committed 75520K, reserved 1114112K
  class space    used 10440K, committed 11392K, reserved 1048576K
}
Event: 5.635 GC heap before
{Heap before GC invocations=22 (full 0):
 garbage-first heap   total 151552K, used 142667K [0x0000000080000000, 0x0000000100000000)
  region size 1024K, 63 young (64512K), 4 survivors (4096K)
 Metaspace       used 73554K, committed 75520K, reserved 1114112K
  class space    used 10441K, committed 11392K, reserved 1048576K
}
Event: 5.637 GC heap after
{Heap after GC invocations=23 (full 0):
 garbage-first heap   total 151552K, used 81832K [0x0000000080000000, 0x0000000100000000)
  region size 1024K, 5 young (5120K), 5 survivors (5120K)
 Metaspace       used 73554K, committed 75520K, reserved 1114112K
  class space    used 10441K, committed 11392K, reserved 1048576K
}
Event: 5.673 GC heap before
{Heap before GC invocations=23 (full 0):
 garbage-first heap   total 151552K, used 142248K [0x0000000080000000, 0x0000000100000000)
  region size 1024K, 64 young (65536K), 5 survivors (5120K)
 Metaspace       used 73554K, committed 75520K, reserved 1114112K
  class space    used 10441K, committed 11392K, reserved 1048576K
}
Event: 5.676 GC heap after
{Heap after GC invocations=24 (full 0):
 garbage-first heap   total 271360K, used 82283K [0x0000000080000000, 0x0000000100000000)
  region size 1024K, 5 young (5120K), 5 survivors (5120K)
 Metaspace       used 73554K, committed 75520K, reserved 1114112K
  class space    used 10441K, committed 11392K, reserved 1048576K
}
Event: 6.316 GC heap before
{Heap before GC invocations=25 (full 0):
 garbage-first heap   total 271360K, used 248171K [0x0000000080000000, 0x0000000100000000)
  region size 1024K, 159 young (162816K), 5 survivors (5120K)
 Metaspace       used 78521K, committed 80512K, reserved 1179648K
  class space    used 11016K, committed 11968K, reserved 1048576K
}
Event: 6.320 GC heap after
{Heap after GC invocations=26 (full 0):
 garbage-first heap   total 271360K, used 99457K [0x0000000080000000, 0x0000000100000000)
  region size 1024K, 14 young (14336K), 14 survivors (14336K)
 Metaspace       used 78521K, committed 80512K, reserved 1179648K
  class space    used 11016K, committed 11968K, reserved 1048576K
}
Event: 7.252 GC heap before
{Heap before GC invocations=26 (full 0):
 garbage-first heap   total 271360K, used 254081K [0x0000000080000000, 0x0000000100000000)
  region size 1024K, 159 young (162816K), 14 survivors (14336K)
 Metaspace       used 89880K, committed 91904K, reserved 1179648K
  class space    used 12531K, committed 13504K, reserved 1048576K
}
Event: 7.258 GC heap after
{Heap after GC invocations=27 (full 0):
 garbage-first heap   total 279552K, used 110048K [0x0000000080000000, 0x0000000100000000)
  region size 1024K, 20 young (20480K), 20 survivors (20480K)
 Metaspace       used 89880K, committed 91904K, reserved 1179648K
  class space    used 12531K, committed 13504K, reserved 1048576K
}
Event: 8.163 GC heap before
{Heap before GC invocations=27 (full 0):
 garbage-first heap   total 279552K, used 254432K [0x0000000080000000, 0x0000000100000000)
  region size 1024K, 162 young (165888K), 20 survivors (20480K)
 Metaspace       used 98916K, committed 101120K, reserved 1179648K
  class space    used 13851K, committed 14912K, reserved 1048576K
}
Event: 8.169 GC heap after
{Heap after GC invocations=28 (full 0):
 garbage-first heap   total 281600K, used 115200K [0x0000000080000000, 0x0000000100000000)
  region size 1024K, 14 young (14336K), 14 survivors (14336K)
 Metaspace       used 98916K, committed 101120K, reserved 1179648K
  class space    used 13851K, committed 14912K, reserved 1048576K
}
Event: 9.212 GC heap before
{Heap before GC invocations=29 (full 0):
 garbage-first heap   total 281600K, used 265728K [0x0000000080000000, 0x0000000100000000)
  region size 1024K, 155 young (158720K), 14 survivors (14336K)
 Metaspace       used 110439K, committed 112768K, reserved 1179648K
  class space    used 15388K, committed 16512K, reserved 1048576K
}
Event: 9.218 GC heap after
{Heap after GC invocations=30 (full 0):
 garbage-first heap   total 292864K, used 127785K [0x0000000080000000, 0x0000000100000000)
  region size 1024K, 16 young (16384K), 16 survivors (16384K)
 Metaspace       used 110439K, committed 112768K, reserved 1179648K
  class space    used 15388K, committed 16512K, reserved 1048576K
}
Event: 10.179 GC heap before
{Heap before GC invocations=30 (full 0):
 garbage-first heap   total 292864K, used 269097K [0x0000000080000000, 0x0000000100000000)
  region size 1024K, 153 young (156672K), 16 survivors (16384K)
 Metaspace       used 113063K, committed 115328K, reserved 1179648K
  class space    used 15627K, committed 16704K, reserved 1048576K
}
Event: 10.186 GC heap after
{Heap after GC invocations=31 (full 0):
 garbage-first heap   total 297984K, used 137913K [0x0000000080000000, 0x0000000100000000)
  region size 1024K, 20 young (20480K), 20 survivors (20480K)
 Metaspace       used 113063K, committed 115328K, reserved 1179648K
  class space    used 15627K, committed 16704K, reserved 1048576K
}
Event: 11.134 GC heap before
{Heap before GC invocations=31 (full 0):
 garbage-first heap   total 297984K, used 272057K [0x0000000080000000, 0x0000000100000000)
  region size 1024K, 151 young (154624K), 20 survivors (20480K)
 Metaspace       used 124841K, committed 127232K, reserved 1179648K
  class space    used 17213K, committed 18368K, reserved 1048576K
}
Event: 11.141 GC heap after
{Heap after GC invocations=32 (full 0):
 garbage-first heap   total 300032K, used 143882K [0x0000000080000000, 0x0000000100000000)
  region size 1024K, 17 young (17408K), 17 survivors (17408K)
 Metaspace       used 124841K, committed 127232K, reserved 1179648K
  class space    used 17213K, committed 18368K, reserved 1048576K
}

