# JRE version: OpenJDK Runtime Environment (21.0.9) (build 21.0.9+-14649483-b1163.86)
# Java VM: OpenJDK 64-Bit Server VM (21.0.9+-14649483-b1163.86, mixed mode, tiered, compressed oops, compressed class ptrs, g1 gc, windows-amd64)
GC Precious Log:
 CardTable entry size: 512
 Card Set container configuration: InlinePtr #cards 5 size 8 Array Of Cards #cards 12 size 40 Howl #buckets 4 coarsen threshold 1843 Howl Bitmap #cards 512 size 80 coarsen threshold 460 Card regions per heap region 1 cards per card region 2048
 CPUs: 16 total, 16 available
 Memory: 24260M
 Large Page Support: Disabled
 NUMA Support: Disabled
 Compressed Oops: Enabled (32-bit)
 Heap Region Size: 1M
 Heap Min Capacity: 8M
 Heap Initial Capacity: 380M
 Heap Max Capacity: 2G
 Pre-touch: Disabled
 Parallel Workers: 13
 Concurrent Workers: 3
 Concurrent Refinement Workers: 13
 Periodic GC: Disabled
Heap:
 garbage-first heap   total 272384K, used 137445K [0x0000000080000000, 0x0000000100000000)
  region size 1024K, 41 young (41984K), 14 survivors (14336K)
 Metaspace       used 96137K, committed 98112K, reserved 1179648K
  class space    used 13273K, committed 14208K, reserved 1048576K
GC Heap History (20 events):
Event: 5.381 GC heap before
{Heap before GC invocations=19 (full 0):
 garbage-first heap   total 162816K, used 147961K [0x0000000080000000, 0x0000000100000000)
  region size 1024K, 76 young (77824K), 6 survivors (6144K)
 Metaspace       used 72263K, committed 74048K, reserved 1114112K
  class space    used 10135K, committed 11008K, reserved 1048576K
}
Event: 5.384 GC heap after
{Heap after GC invocations=20 (full 0):
 garbage-first heap   total 162816K, used 80303K [0x0000000080000000, 0x0000000100000000)
  region size 1024K, 9 young (9216K), 9 survivors (9216K)
 Metaspace       used 72263K, committed 74048K, reserved 1114112K
  class space    used 10135K, committed 11008K, reserved 1048576K
}
Event: 6.252 GC heap before
{Heap before GC invocations=21 (full 0):
 garbage-first heap   total 162816K, used 149935K [0x0000000080000000, 0x0000000100000000)
  region size 1024K, 77 young (78848K), 9 survivors (9216K)
 Metaspace       used 82800K, committed 84672K, reserved 1179648K
  class space    used 11658K, committed 12544K, reserved 1048576K
}
Event: 6.255 GC heap after
{Heap after GC invocations=22 (full 0):
 garbage-first heap   total 163840K, used 84171K [0x0000000080000000, 0x0000000100000000)
  region size 1024K, 9 young (9216K), 9 survivors (9216K)
 Metaspace       used 82800K, committed 84672K, reserved 1179648K
  class space    used 11658K, committed 12544K, reserved 1048576K
}
Event: 6.961 GC heap before
{Heap before GC invocations=22 (full 0):
 garbage-first heap   total 163840K, used 150731K [0x0000000080000000, 0x0000000100000000)
  region size 1024K, 75 young (76800K), 9 survivors (9216K)
 Metaspace       used 88138K, committed 90112K, reserved 1179648K
  class space    used 12441K, committed 13376K, reserved 1048576K
}
Event: 6.966 GC heap after
{Heap after GC invocations=23 (full 0):
 garbage-first heap   total 167936K, used 89486K [0x0000000080000000, 0x0000000100000000)
  region size 1024K, 10 young (10240K), 10 survivors (10240K)
 Metaspace       used 88138K, committed 90112K, reserved 1179648K
  class space    used 12441K, committed 13376K, reserved 1048576K
}
Event: 7.074 GC heap before
{Heap before GC invocations=23 (full 0):
 garbage-first heap   total 167936K, used 153998K [0x0000000080000000, 0x0000000100000000)
  region size 1024K, 74 young (75776K), 10 survivors (10240K)
 Metaspace       used 88481K, committed 90432K, reserved 1179648K
  class space    used 12441K, committed 13376K, reserved 1048576K
}
Event: 7.079 GC heap after
{Heap after GC invocations=24 (full 0):
 garbage-first heap   total 168960K, used 91750K [0x0000000080000000, 0x0000000100000000)
  region size 1024K, 8 young (8192K), 8 survivors (8192K)
 Metaspace       used 88481K, committed 90432K, reserved 1179648K
  class space    used 12441K, committed 13376K, reserved 1048576K
}
Event: 7.162 GC heap before
{Heap before GC invocations=25 (full 0):
 garbage-first heap   total 168960K, used 156262K [0x0000000080000000, 0x0000000100000000)
  region size 1024K, 72 young (73728K), 8 survivors (8192K)
 Metaspace       used 88492K, committed 90496K, reserved 1179648K
  class space    used 12428K, committed 13376K, reserved 1048576K
}
Event: 7.165 GC heap after
{Heap after GC invocations=26 (full 0):
 garbage-first heap   total 168960K, used 92834K [0x0000000080000000, 0x0000000100000000)
  region size 1024K, 3 young (3072K), 3 survivors (3072K)
 Metaspace       used 88492K, committed 90496K, reserved 1179648K
  class space    used 12428K, committed 13376K, reserved 1048576K
}
Event: 7.264 GC heap before
{Heap before GC invocations=26 (full 0):
 garbage-first heap   total 168960K, used 158370K [0x0000000080000000, 0x0000000100000000)
  region size 1024K, 68 young (69632K), 3 survivors (3072K)
 Metaspace       used 88500K, committed 90496K, reserved 1179648K
  class space    used 12428K, committed 13376K, reserved 1048576K
}
Event: 7.266 GC heap after
{Heap after GC invocations=27 (full 0):
 garbage-first heap   total 168960K, used 93028K [0x0000000080000000, 0x0000000100000000)
  region size 1024K, 4 young (4096K), 4 survivors (4096K)
 Metaspace       used 88500K, committed 90496K, reserved 1179648K
  class space    used 12428K, committed 13376K, reserved 1048576K
}
Event: 7.322 GC heap before
{Heap before GC invocations=27 (full 0):
 garbage-first heap   total 168960K, used 157540K [0x0000000080000000, 0x0000000100000000)
  region size 1024K, 68 young (69632K), 4 survivors (4096K)
 Metaspace       used 88500K, committed 90496K, reserved 1179648K
  class space    used 12428K, committed 13376K, reserved 1048576K
}
Event: 7.324 GC heap after
{Heap after GC invocations=28 (full 0):
 garbage-first heap   total 168960K, used 93671K [0x0000000080000000, 0x0000000100000000)
  region size 1024K, 4 young (4096K), 4 survivors (4096K)
 Metaspace       used 88500K, committed 90496K, reserved 1179648K
  class space    used 12428K, committed 13376K, reserved 1048576K
}
Event: 7.391 GC heap before
{Heap before GC invocations=29 (full 0):
 garbage-first heap   total 168960K, used 158183K [0x0000000080000000, 0x0000000100000000)
  region size 1024K, 68 young (69632K), 4 survivors (4096K)
 Metaspace       used 88500K, committed 90496K, reserved 1179648K
  class space    used 12428K, committed 13376K, reserved 1048576K
}
Event: 7.394 GC heap after
{Heap after GC invocations=30 (full 0):
 garbage-first heap   total 168960K, used 94500K [0x0000000080000000, 0x0000000100000000)
  region size 1024K, 5 young (5120K), 5 survivors (5120K)
 Metaspace       used 88500K, committed 90496K, reserved 1179648K
  class space    used 12428K, committed 13376K, reserved 1048576K
}
Event: 7.430 GC heap before
{Heap before GC invocations=30 (full 0):
 garbage-first heap   total 168960K, used 157988K [0x0000000080000000, 0x0000000100000000)
  region size 1024K, 68 young (69632K), 5 survivors (5120K)
 Metaspace       used 88502K, committed 90496K, reserved 1179648K
  class space    used 12428K, committed 13376K, reserved 1048576K
}
Event: 7.433 GC heap after
{Heap after GC invocations=31 (full 0):
 garbage-first heap   total 269312K, used 93874K [0x0000000080000000, 0x0000000100000000)
  region size 1024K, 5 young (5120K), 5 survivors (5120K)
 Metaspace       used 88502K, committed 90496K, reserved 1179648K
  class space    used 12428K, committed 13376K, reserved 1048576K
}
Event: 8.049 GC heap before
{Heap before GC invocations=31 (full 0):
 garbage-first heap   total 269312K, used 256690K [0x0000000080000000, 0x0000000100000000)
  region size 1024K, 156 young (159744K), 5 survivors (5120K)
 Metaspace       used 93351K, committed 95360K, reserved 1179648K
  class space    used 12997K, committed 13952K, reserved 1048576K
}
Event: 8.053 GC heap after
{Heap after GC invocations=32 (full 0):
 garbage-first heap   total 272384K, used 110821K [0x0000000080000000, 0x0000000100000000)
  region size 1024K, 14 young (14336K), 14 survivors (14336K)
 Metaspace       used 93351K, committed 95360K, reserved 1179648K
  class space    used 12997K, committed 13952K, reserved 1048576K
}

